{"/usr/src/app/src/app.js": {"path":"/usr/src/app/src/app.js","statementMap":{"0":{"start":{"line":1,"column":14},"end":{"line":1,"column":32}},"1":{"start":{"line":2,"column":11},"end":{"line":2,"column":26}},"2":{"start":{"line":3,"column":19},"end":{"line":3,"column":43}},"3":{"start":{"line":4,"column":13},"end":{"line":4,"column":30}},"4":{"start":{"line":5,"column":15},"end":{"line":5,"column":34}},"5":{"start":{"line":6,"column":11},"end":{"line":6,"column":26}},"6":{"start":{"line":8,"column":17},"end":{"line":8,"column":48}},"7":{"start":{"line":9,"column":20},"end":{"line":9,"column":54}},"8":{"start":{"line":10,"column":23},"end":{"line":10,"column":60}},"9":{"start":{"line":11,"column":18},"end":{"line":11,"column":50}},"10":{"start":{"line":12,"column":19},"end":{"line":12,"column":59}},"11":{"start":{"line":14,"column":10},"end":{"line":14,"column":19}},"12":{"start":{"line":17,"column":22},"end":{"line":17,"column":42}},"13":{"start":{"line":18,"column":18},"end":{"line":18,"column":92}},"14":{"start":{"line":19,"column":0},"end":{"line":23,"column":64}},"15":{"start":{"line":20,"column":14},"end":{"line":20,"column":50}},"16":{"start":{"line":21,"column":14},"end":{"line":21,"column":30}},"17":{"start":{"line":22,"column":14},"end":{"line":22,"column":44}},"18":{"start":{"line":23,"column":16},"end":{"line":23,"column":62}},"19":{"start":{"line":25,"column":0},"end":{"line":25,"column":23}},"20":{"start":{"line":26,"column":0},"end":{"line":26,"column":16}},"21":{"start":{"line":27,"column":0},"end":{"line":27,"column":24}},"22":{"start":{"line":28,"column":0},"end":{"line":28,"column":49}},"23":{"start":{"line":29,"column":0},"end":{"line":29,"column":24}},"24":{"start":{"line":30,"column":0},"end":{"line":30,"column":56}},"25":{"start":{"line":32,"column":0},"end":{"line":32,"column":29}},"26":{"start":{"line":33,"column":0},"end":{"line":33,"column":35}},"27":{"start":{"line":34,"column":0},"end":{"line":34,"column":41}},"28":{"start":{"line":35,"column":0},"end":{"line":35,"column":31}},"29":{"start":{"line":38,"column":0},"end":{"line":38,"column":22}},"30":{"start":{"line":42,"column":15},"end":{"line":42,"column":32}},"31":{"start":{"line":43,"column":2},"end":{"line":46,"column":3}},"32":{"start":{"line":45,"column":4},"end":{"line":45,"column":15}},"33":{"start":{"line":47,"column":2},"end":{"line":50,"column":3}},"34":{"start":{"line":49,"column":4},"end":{"line":49,"column":16}},"35":{"start":{"line":51,"column":2},"end":{"line":51,"column":15}},"36":{"start":{"line":54,"column":11},"end":{"line":54,"column":37}},"37":{"start":{"line":55,"column":0},"end":{"line":55,"column":22}},"38":{"start":{"line":57,"column":0},"end":{"line":57,"column":21}}},"fnMap":{"0":{"name":"(anonymous_0)","decl":{"start":{"line":20,"column":8},"end":{"line":20,"column":9}},"loc":{"start":{"line":20,"column":14},"end":{"line":20,"column":50}},"line":20},"1":{"name":"(anonymous_1)","decl":{"start":{"line":21,"column":8},"end":{"line":21,"column":9}},"loc":{"start":{"line":21,"column":14},"end":{"line":21,"column":30}},"line":21},"2":{"name":"(anonymous_2)","decl":{"start":{"line":22,"column":8},"end":{"line":22,"column":9}},"loc":{"start":{"line":22,"column":14},"end":{"line":22,"column":44}},"line":22},"3":{"name":"(anonymous_3)","decl":{"start":{"line":23,"column":9},"end":{"line":23,"column":10}},"loc":{"start":{"line":23,"column":16},"end":{"line":23,"column":62}},"line":23},"4":{"name":"normalizePort","decl":{"start":{"line":41,"column":9},"end":{"line":41,"column":22}},"loc":{"start":{"line":41,"column":28},"end":{"line":52,"column":1}},"line":41}},"branchMap":{"0":{"loc":{"start":{"line":43,"column":2},"end":{"line":46,"column":3}},"type":"if","locations":[{"start":{"line":43,"column":2},"end":{"line":46,"column":3}},{"start":{},"end":{}}],"line":43},"1":{"loc":{"start":{"line":47,"column":2},"end":{"line":50,"column":3}},"type":"if","locations":[{"start":{"line":47,"column":2},"end":{"line":50,"column":3}},{"start":{},"end":{}}],"line":47}},"s":{"0":4,"1":4,"2":4,"3":4,"4":4,"5":4,"6":4,"7":4,"8":4,"9":4,"10":4,"11":4,"12":4,"13":4,"14":4,"15":4,"16":4,"17":4,"18":0,"19":4,"20":4,"21":4,"22":4,"23":4,"24":4,"25":4,"26":4,"27":4,"28":4,"29":4,"30":4,"31":4,"32":0,"33":4,"34":4,"35":0,"36":4,"37":4,"38":4},"f":{"0":4,"1":4,"2":4,"3":0,"4":4},"b":{"0":[0,4],"1":[4,0]},"_coverageSchema":"1a1c01bbd47fc00a2c39e90264f33305004495a9","hash":"f3a7a8324eb5c949789de2511fbaa591a381470f"}
,"/usr/src/app/src/config.js": {"path":"/usr/src/app/src/config.js","statementMap":{"0":{"start":{"line":1,"column":0},"end":{"line":1,"column":27}},"1":{"start":{"line":3,"column":14},"end":{"line":3,"column":28}},"2":{"start":{"line":5,"column":18},"end":{"line":12,"column":2}},"3":{"start":{"line":7,"column":36},"end":{"line":7,"column":53}},"4":{"start":{"line":11,"column":50},"end":{"line":11,"column":67}},"5":{"start":{"line":14,"column":15},"end":{"line":14,"column":47}},"6":{"start":{"line":15,"column":0},"end":{"line":18,"column":1}},"7":{"start":{"line":16,"column":2},"end":{"line":16,"column":75}},"8":{"start":{"line":17,"column":2},"end":{"line":17,"column":18}},"9":{"start":{"line":20,"column":12},"end":{"line":20,"column":23}},"10":{"start":{"line":22,"column":15},"end":{"line":22,"column":38}},"11":{"start":{"line":23,"column":20},"end":{"line":25,"column":20}},"12":{"start":{"line":27,"column":0},"end":{"line":38,"column":2}}},"fnMap":{"0":{"name":"(anonymous_0)","decl":{"start":{"line":7,"column":29},"end":{"line":7,"column":30}},"loc":{"start":{"line":7,"column":36},"end":{"line":7,"column":53}},"line":7},"1":{"name":"(anonymous_1)","decl":{"start":{"line":11,"column":43},"end":{"line":11,"column":44}},"loc":{"start":{"line":11,"column":50},"end":{"line":11,"column":67}},"line":11}},"branchMap":{"0":{"loc":{"start":{"line":15,"column":0},"end":{"line":18,"column":1}},"type":"if","locations":[{"start":{"line":15,"column":0},"end":{"line":18,"column":1}},{"start":{},"end":{}}],"line":15},"1":{"loc":{"start":{"line":23,"column":20},"end":{"line":25,"column":20}},"type":"cond-expr","locations":[{"start":{"line":24,"column":4},"end":{"line":24,"column":21}},{"start":{"line":25,"column":4},"end":{"line":25,"column":20}}],"line":23}},"s":{"0":4,"1":4,"2":4,"3":4,"4":4,"5":4,"6":4,"7":0,"8":0,"9":4,"10":4,"11":4,"12":4},"f":{"0":4,"1":4},"b":{"0":[0,4],"1":[4,0]},"_coverageSchema":"1a1c01bbd47fc00a2c39e90264f33305004495a9","hash":"37936804a9ec61345edbe27cc3d6dc3cb9ee5cac"}
,"/usr/src/app/src/controllers/assessment.controller.js": {"path":"/usr/src/app/src/controllers/assessment.controller.js","statementMap":{"0":{"start":{"line":5,"column":22},"end":{"line":5,"column":63}},"1":{"start":{"line":15,"column":0},"end":{"line":23,"column":2}},"2":{"start":{"line":16,"column":2},"end":{"line":22,"column":3}},"3":{"start":{"line":17,"column":25},"end":{"line":17,"column":36}},"4":{"start":{"line":18,"column":23},"end":{"line":18,"column":82}},"5":{"start":{"line":19,"column":4},"end":{"line":19,"column":37}},"6":{"start":{"line":21,"column":4},"end":{"line":21,"column":14}},"7":{"start":{"line":31,"column":0},"end":{"line":38,"column":2}},"8":{"start":{"line":31,"column":34},"end":{"line":38,"column":1}},"9":{"start":{"line":32,"column":2},"end":{"line":37,"column":3}},"10":{"start":{"line":33,"column":24},"end":{"line":33,"column":56}},"11":{"start":{"line":34,"column":4},"end":{"line":34,"column":26}},"12":{"start":{"line":36,"column":4},"end":{"line":36,"column":14}},"13":{"start":{"line":46,"column":0},"end":{"line":56,"column":2}},"14":{"start":{"line":46,"column":26},"end":{"line":56,"column":1}},"15":{"start":{"line":47,"column":2},"end":{"line":55,"column":3}},"16":{"start":{"line":48,"column":23},"end":{"line":48,"column":54}},"17":{"start":{"line":49,"column":4},"end":{"line":51,"column":5}},"18":{"start":{"line":50,"column":6},"end":{"line":50,"column":71}},"19":{"start":{"line":52,"column":4},"end":{"line":52,"column":25}},"20":{"start":{"line":54,"column":4},"end":{"line":54,"column":14}},"21":{"start":{"line":64,"column":0},"end":{"line":90,"column":2}},"22":{"start":{"line":64,"column":39},"end":{"line":90,"column":1}},"23":{"start":{"line":65,"column":2},"end":{"line":89,"column":3}},"24":{"start":{"line":66,"column":23},"end":{"line":66,"column":54}},"25":{"start":{"line":67,"column":4},"end":{"line":69,"column":5}},"26":{"start":{"line":68,"column":6},"end":{"line":68,"column":71}},"27":{"start":{"line":72,"column":16},"end":{"line":72,"column":26}},"28":{"start":{"line":73,"column":4},"end":{"line":75,"column":5}},"29":{"start":{"line":74,"column":6},"end":{"line":74,"column":88}},"30":{"start":{"line":78,"column":22},"end":{"line":81,"column":6}},"31":{"start":{"line":83,"column":4},"end":{"line":86,"column":7}},"32":{"start":{"line":88,"column":4},"end":{"line":88,"column":14}},"33":{"start":{"line":99,"column":0},"end":{"line":110,"column":2}},"34":{"start":{"line":99,"column":31},"end":{"line":110,"column":1}},"35":{"start":{"line":100,"column":2},"end":{"line":109,"column":3}},"36":{"start":{"line":101,"column":4},"end":{"line":101,"column":41}},"37":{"start":{"line":102,"column":20},"end":{"line":102,"column":51}},"38":{"start":{"line":103,"column":4},"end":{"line":105,"column":5}},"39":{"start":{"line":104,"column":6},"end":{"line":104,"column":71}},"40":{"start":{"line":106,"column":4},"end":{"line":106,"column":22}},"41":{"start":{"line":108,"column":4},"end":{"line":108,"column":14}},"42":{"start":{"line":120,"column":0},"end":{"line":131,"column":2}},"43":{"start":{"line":121,"column":2},"end":{"line":130,"column":3}},"44":{"start":{"line":122,"column":15},"end":{"line":122,"column":28}},"45":{"start":{"line":123,"column":19},"end":{"line":123,"column":49}},"46":{"start":{"line":124,"column":4},"end":{"line":126,"column":5}},"47":{"start":{"line":125,"column":6},"end":{"line":125,"column":71}},"48":{"start":{"line":127,"column":4},"end":{"line":127,"column":27}},"49":{"start":{"line":129,"column":4},"end":{"line":129,"column":14}}},"fnMap":{"0":{"name":"(anonymous_0)","decl":{"start":{"line":15,"column":17},"end":{"line":15,"column":18}},"loc":{"start":{"line":15,"column":43},"end":{"line":23,"column":1}},"line":15},"1":{"name":"(anonymous_1)","decl":{"start":{"line":31,"column":22},"end":{"line":31,"column":23}},"loc":{"start":{"line":31,"column":34},"end":{"line":38,"column":1}},"line":31},"2":{"name":"(anonymous_2)","decl":{"start":{"line":31,"column":34},"end":{"line":31,"column":35}},"loc":{"start":{"line":31,"column":60},"end":{"line":38,"column":1}},"line":31},"3":{"name":"(anonymous_3)","decl":{"start":{"line":46,"column":18},"end":{"line":46,"column":19}},"loc":{"start":{"line":46,"column":26},"end":{"line":56,"column":1}},"line":46},"4":{"name":"(anonymous_4)","decl":{"start":{"line":46,"column":26},"end":{"line":46,"column":27}},"loc":{"start":{"line":46,"column":52},"end":{"line":56,"column":1}},"line":46},"5":{"name":"(anonymous_5)","decl":{"start":{"line":64,"column":31},"end":{"line":64,"column":32}},"loc":{"start":{"line":64,"column":39},"end":{"line":90,"column":1}},"line":64},"6":{"name":"(anonymous_6)","decl":{"start":{"line":64,"column":39},"end":{"line":64,"column":40}},"loc":{"start":{"line":64,"column":65},"end":{"line":90,"column":1}},"line":64},"7":{"name":"(anonymous_7)","decl":{"start":{"line":99,"column":17},"end":{"line":99,"column":18}},"loc":{"start":{"line":99,"column":31},"end":{"line":110,"column":1}},"line":99},"8":{"name":"(anonymous_8)","decl":{"start":{"line":99,"column":31},"end":{"line":99,"column":32}},"loc":{"start":{"line":99,"column":57},"end":{"line":110,"column":1}},"line":99},"9":{"name":"(anonymous_9)","decl":{"start":{"line":120,"column":17},"end":{"line":120,"column":18}},"loc":{"start":{"line":120,"column":43},"end":{"line":131,"column":1}},"line":120}},"branchMap":{"0":{"loc":{"start":{"line":49,"column":4},"end":{"line":51,"column":5}},"type":"if","locations":[{"start":{"line":49,"column":4},"end":{"line":51,"column":5}},{"start":{},"end":{}}],"line":49},"1":{"loc":{"start":{"line":67,"column":4},"end":{"line":69,"column":5}},"type":"if","locations":[{"start":{"line":67,"column":4},"end":{"line":69,"column":5}},{"start":{},"end":{}}],"line":67},"2":{"loc":{"start":{"line":73,"column":4},"end":{"line":75,"column":5}},"type":"if","locations":[{"start":{"line":73,"column":4},"end":{"line":75,"column":5}},{"start":{},"end":{}}],"line":73},"3":{"loc":{"start":{"line":73,"column":8},"end":{"line":73,"column":81}},"type":"binary-expr","locations":[{"start":{"line":73,"column":8},"end":{"line":73,"column":42}},{"start":{"line":73,"column":46},"end":{"line":73,"column":81}}],"line":73},"4":{"loc":{"start":{"line":103,"column":4},"end":{"line":105,"column":5}},"type":"if","locations":[{"start":{"line":103,"column":4},"end":{"line":105,"column":5}},{"start":{},"end":{}}],"line":103},"5":{"loc":{"start":{"line":124,"column":4},"end":{"line":126,"column":5}},"type":"if","locations":[{"start":{"line":124,"column":4},"end":{"line":126,"column":5}},{"start":{},"end":{}}],"line":124}},"s":{"0":4,"1":4,"2":21,"3":21,"4":21,"5":21,"6":0,"7":4,"8":2,"9":2,"10":2,"11":2,"12":0,"13":4,"14":3,"15":3,"16":3,"17":3,"18":1,"19":2,"20":0,"21":4,"22":1,"23":1,"24":1,"25":1,"26":0,"27":1,"28":1,"29":0,"30":1,"31":1,"32":0,"33":4,"34":1,"35":1,"36":1,"37":1,"38":1,"39":0,"40":1,"41":0,"42":4,"43":1,"44":1,"45":1,"46":1,"47":0,"48":1,"49":0},"f":{"0":21,"1":2,"2":2,"3":3,"4":3,"5":1,"6":1,"7":1,"8":1,"9":1},"b":{"0":[1,2],"1":[0,1],"2":[0,1],"3":[1,1],"4":[0,1],"5":[0,1]},"_coverageSchema":"1a1c01bbd47fc00a2c39e90264f33305004495a9","hash":"f50adea0d8927a50577a7d966f389b6e99689aac"}
,"/usr/src/app/src/controllers/auth.controller.js": {"path":"/usr/src/app/src/controllers/auth.controller.js","statementMap":{"0":{"start":{"line":2,"column":16},"end":{"line":2,"column":51}},"1":{"start":{"line":21,"column":0},"end":{"line":29,"column":2}},"2":{"start":{"line":22,"column":2},"end":{"line":28,"column":3}},"3":{"start":{"line":23,"column":48},"end":{"line":23,"column":56}},"4":{"start":{"line":24,"column":17},"end":{"line":24,"column":76}},"5":{"start":{"line":25,"column":4},"end":{"line":25,"column":103}},"6":{"start":{"line":27,"column":4},"end":{"line":27,"column":14}},"7":{"start":{"line":41,"column":0},"end":{"line":49,"column":2}},"8":{"start":{"line":42,"column":2},"end":{"line":48,"column":3}},"9":{"start":{"line":43,"column":37},"end":{"line":43,"column":45}},"10":{"start":{"line":44,"column":18},"end":{"line":44,"column":63}},"11":{"start":{"line":45,"column":4},"end":{"line":45,"column":24}},"12":{"start":{"line":47,"column":4},"end":{"line":47,"column":14}}},"fnMap":{"0":{"name":"(anonymous_0)","decl":{"start":{"line":21,"column":19},"end":{"line":21,"column":20}},"loc":{"start":{"line":21,"column":45},"end":{"line":29,"column":1}},"line":21},"1":{"name":"(anonymous_1)","decl":{"start":{"line":41,"column":16},"end":{"line":41,"column":17}},"loc":{"start":{"line":41,"column":42},"end":{"line":49,"column":1}},"line":41}},"branchMap":{},"s":{"0":4,"1":4,"2":3,"3":3,"4":3,"5":3,"6":0,"7":4,"8":2,"9":2,"10":2,"11":1,"12":1},"f":{"0":3,"1":2},"b":{},"_coverageSchema":"1a1c01bbd47fc00a2c39e90264f33305004495a9","hash":"f45c13b160eceaaa01adc4aa4c4d862a8c7b27cc"}
,"/usr/src/app/src/controllers/submission.controller.js": {"path":"/usr/src/app/src/controllers/submission.controller.js","statementMap":{"0":{"start":{"line":6,"column":22},"end":{"line":6,"column":63}},"1":{"start":{"line":7,"column":22},"end":{"line":7,"column":63}},"2":{"start":{"line":23,"column":0},"end":{"line":51,"column":2}},"3":{"start":{"line":24,"column":2},"end":{"line":50,"column":3}},"4":{"start":{"line":26,"column":4},"end":{"line":28,"column":5}},"5":{"start":{"line":27,"column":6},"end":{"line":27,"column":71}},"6":{"start":{"line":31,"column":23},"end":{"line":31,"column":65}},"7":{"start":{"line":32,"column":4},"end":{"line":34,"column":5}},"8":{"start":{"line":33,"column":6},"end":{"line":33,"column":71}},"9":{"start":{"line":37,"column":16},"end":{"line":37,"column":26}},"10":{"start":{"line":38,"column":4},"end":{"line":40,"column":5}},"11":{"start":{"line":39,"column":6},"end":{"line":39,"column":103}},"12":{"start":{"line":42,"column":23},"end":{"line":46,"column":6}},"13":{"start":{"line":47,"column":4},"end":{"line":47,"column":25}},"14":{"start":{"line":49,"column":4},"end":{"line":49,"column":14}},"15":{"start":{"line":64,"column":0},"end":{"line":71,"column":2}},"16":{"start":{"line":65,"column":2},"end":{"line":70,"column":3}},"17":{"start":{"line":66,"column":24},"end":{"line":66,"column":75}},"18":{"start":{"line":67,"column":4},"end":{"line":67,"column":26}},"19":{"start":{"line":69,"column":4},"end":{"line":69,"column":14}},"20":{"start":{"line":81,"column":0},"end":{"line":91,"column":2}},"21":{"start":{"line":81,"column":50},"end":{"line":91,"column":1}},"22":{"start":{"line":82,"column":2},"end":{"line":90,"column":3}},"23":{"start":{"line":83,"column":20},"end":{"line":83,"column":82}},"24":{"start":{"line":84,"column":4},"end":{"line":86,"column":5}},"25":{"start":{"line":85,"column":6},"end":{"line":85,"column":90}},"26":{"start":{"line":87,"column":4},"end":{"line":87,"column":22}},"27":{"start":{"line":89,"column":4},"end":{"line":89,"column":14}},"28":{"start":{"line":107,"column":0},"end":{"line":123,"column":2}},"29":{"start":{"line":108,"column":2},"end":{"line":122,"column":3}},"30":{"start":{"line":109,"column":23},"end":{"line":113,"column":6}},"31":{"start":{"line":115,"column":4},"end":{"line":117,"column":5}},"32":{"start":{"line":116,"column":6},"end":{"line":116,"column":71}},"33":{"start":{"line":119,"column":4},"end":{"line":119,"column":25}},"34":{"start":{"line":121,"column":4},"end":{"line":121,"column":14}}},"fnMap":{"0":{"name":"(anonymous_0)","decl":{"start":{"line":23,"column":17},"end":{"line":23,"column":18}},"loc":{"start":{"line":23,"column":43},"end":{"line":51,"column":1}},"line":23},"1":{"name":"(anonymous_1)","decl":{"start":{"line":64,"column":26},"end":{"line":64,"column":27}},"loc":{"start":{"line":64,"column":52},"end":{"line":71,"column":1}},"line":64},"2":{"name":"(anonymous_2)","decl":{"start":{"line":81,"column":21},"end":{"line":81,"column":22}},"loc":{"start":{"line":81,"column":50},"end":{"line":91,"column":1}},"line":81},"3":{"name":"(anonymous_3)","decl":{"start":{"line":81,"column":50},"end":{"line":81,"column":51}},"loc":{"start":{"line":81,"column":76},"end":{"line":91,"column":1}},"line":81},"4":{"name":"(anonymous_4)","decl":{"start":{"line":107,"column":26},"end":{"line":107,"column":27}},"loc":{"start":{"line":107,"column":52},"end":{"line":123,"column":1}},"line":107}},"branchMap":{"0":{"loc":{"start":{"line":26,"column":4},"end":{"line":28,"column":5}},"type":"if","locations":[{"start":{"line":26,"column":4},"end":{"line":28,"column":5}},{"start":{},"end":{}}],"line":26},"1":{"loc":{"start":{"line":32,"column":4},"end":{"line":34,"column":5}},"type":"if","locations":[{"start":{"line":32,"column":4},"end":{"line":34,"column":5}},{"start":{},"end":{}}],"line":32},"2":{"loc":{"start":{"line":38,"column":4},"end":{"line":40,"column":5}},"type":"if","locations":[{"start":{"line":38,"column":4},"end":{"line":40,"column":5}},{"start":{},"end":{}}],"line":38},"3":{"loc":{"start":{"line":38,"column":8},"end":{"line":38,"column":81}},"type":"binary-expr","locations":[{"start":{"line":38,"column":8},"end":{"line":38,"column":42}},{"start":{"line":38,"column":46},"end":{"line":38,"column":81}}],"line":38},"4":{"loc":{"start":{"line":84,"column":4},"end":{"line":86,"column":5}},"type":"if","locations":[{"start":{"line":84,"column":4},"end":{"line":86,"column":5}},{"start":{},"end":{}}],"line":84},"5":{"loc":{"start":{"line":115,"column":4},"end":{"line":117,"column":5}},"type":"if","locations":[{"start":{"line":115,"column":4},"end":{"line":117,"column":5}},{"start":{},"end":{}}],"line":115}},"s":{"0":4,"1":4,"2":4,"3":4,"4":4,"5":0,"6":4,"7":4,"8":1,"9":3,"10":3,"11":1,"12":2,"13":2,"14":0,"15":4,"16":1,"17":1,"18":1,"19":0,"20":4,"21":1,"22":1,"23":1,"24":1,"25":0,"26":1,"27":0,"28":4,"29":2,"30":2,"31":2,"32":1,"33":1,"34":0},"f":{"0":4,"1":1,"2":1,"3":1,"4":2},"b":{"0":[0,4],"1":[1,3],"2":[1,2],"3":[3,3],"4":[0,1],"5":[1,1]},"_coverageSchema":"1a1c01bbd47fc00a2c39e90264f33305004495a9","hash":"92373e99b819595509fdcfabc9dc252ec69009b1"}
,"/usr/src/app/src/controllers/user.controller.js": {"path":"/usr/src/app/src/controllers/user.controller.js","statementMap":{"0":{"start":{"line":5,"column":16},"end":{"line":5,"column":51}},"1":{"start":{"line":15,"column":0},"end":{"line":22,"column":2}},"2":{"start":{"line":16,"column":2},"end":{"line":21,"column":3}},"3":{"start":{"line":17,"column":18},"end":{"line":17,"column":38}},"4":{"start":{"line":18,"column":4},"end":{"line":18,"column":20}},"5":{"start":{"line":20,"column":4},"end":{"line":20,"column":14}},"6":{"start":{"line":33,"column":0},"end":{"line":41,"column":2}},"7":{"start":{"line":34,"column":2},"end":{"line":40,"column":3}},"8":{"start":{"line":35,"column":17},"end":{"line":35,"column":49}},"9":{"start":{"line":36,"column":4},"end":{"line":36,"column":74}},"10":{"start":{"line":36,"column":15},"end":{"line":36,"column":74}},"11":{"start":{"line":37,"column":4},"end":{"line":37,"column":19}},"12":{"start":{"line":39,"column":4},"end":{"line":39,"column":14}},"13":{"start":{"line":53,"column":0},"end":{"line":61,"column":2}},"14":{"start":{"line":54,"column":2},"end":{"line":60,"column":3}},"15":{"start":{"line":55,"column":27},"end":{"line":55,"column":72}},"16":{"start":{"line":56,"column":4},"end":{"line":56,"column":77}},"17":{"start":{"line":56,"column":18},"end":{"line":56,"column":77}},"18":{"start":{"line":57,"column":4},"end":{"line":57,"column":22}},"19":{"start":{"line":59,"column":4},"end":{"line":59,"column":14}},"20":{"start":{"line":72,"column":0},"end":{"line":80,"column":2}},"21":{"start":{"line":73,"column":2},"end":{"line":79,"column":3}},"22":{"start":{"line":74,"column":20},"end":{"line":74,"column":55}},"23":{"start":{"line":75,"column":4},"end":{"line":75,"column":77}},"24":{"start":{"line":75,"column":18},"end":{"line":75,"column":77}},"25":{"start":{"line":76,"column":4},"end":{"line":76,"column":27}},"26":{"start":{"line":78,"column":4},"end":{"line":78,"column":14}},"27":{"start":{"line":91,"column":0},"end":{"line":98,"column":2}},"28":{"start":{"line":92,"column":2},"end":{"line":97,"column":3}},"29":{"start":{"line":93,"column":17},"end":{"line":93,"column":47}},"30":{"start":{"line":94,"column":4},"end":{"line":94,"column":31}},"31":{"start":{"line":96,"column":4},"end":{"line":96,"column":14}}},"fnMap":{"0":{"name":"(anonymous_0)","decl":{"start":{"line":15,"column":15},"end":{"line":15,"column":16}},"loc":{"start":{"line":15,"column":41},"end":{"line":22,"column":1}},"line":15},"1":{"name":"(anonymous_1)","decl":{"start":{"line":33,"column":14},"end":{"line":33,"column":15}},"loc":{"start":{"line":33,"column":40},"end":{"line":41,"column":1}},"line":33},"2":{"name":"(anonymous_2)","decl":{"start":{"line":53,"column":17},"end":{"line":53,"column":18}},"loc":{"start":{"line":53,"column":43},"end":{"line":61,"column":1}},"line":53},"3":{"name":"(anonymous_3)","decl":{"start":{"line":72,"column":17},"end":{"line":72,"column":18}},"loc":{"start":{"line":72,"column":43},"end":{"line":80,"column":1}},"line":72},"4":{"name":"(anonymous_4)","decl":{"start":{"line":91,"column":17},"end":{"line":91,"column":18}},"loc":{"start":{"line":91,"column":43},"end":{"line":98,"column":1}},"line":91}},"branchMap":{"0":{"loc":{"start":{"line":36,"column":4},"end":{"line":36,"column":74}},"type":"if","locations":[{"start":{"line":36,"column":4},"end":{"line":36,"column":74}},{"start":{},"end":{}}],"line":36},"1":{"loc":{"start":{"line":56,"column":4},"end":{"line":56,"column":77}},"type":"if","locations":[{"start":{"line":56,"column":4},"end":{"line":56,"column":77}},{"start":{},"end":{}}],"line":56},"2":{"loc":{"start":{"line":75,"column":4},"end":{"line":75,"column":77}},"type":"if","locations":[{"start":{"line":75,"column":4},"end":{"line":75,"column":77}},{"start":{},"end":{}}],"line":75}},"s":{"0":4,"1":4,"2":1,"3":1,"4":1,"5":0,"6":4,"7":3,"8":3,"9":3,"10":2,"11":1,"12":0,"13":4,"14":1,"15":1,"16":1,"17":0,"18":1,"19":0,"20":4,"21":1,"22":1,"23":1,"24":0,"25":1,"26":0,"27":4,"28":1,"29":1,"30":1,"31":0},"f":{"0":1,"1":3,"2":1,"3":1,"4":1},"b":{"0":[2,1],"1":[0,1],"2":[0,1]},"_coverageSchema":"1a1c01bbd47fc00a2c39e90264f33305004495a9","hash":"c13c61d5b3089483932b7809d42e94af6893c438"}
,"/usr/src/app/src/middleware/auth.middleware.js": {"path":"/usr/src/app/src/middleware/auth.middleware.js","statementMap":{"0":{"start":{"line":1,"column":12},"end":{"line":1,"column":35}},"1":{"start":{"line":2,"column":15},"end":{"line":2,"column":35}},"2":{"start":{"line":3,"column":17},"end":{"line":3,"column":37}},"3":{"start":{"line":11,"column":0},"end":{"line":39,"column":2}},"4":{"start":{"line":12,"column":2},"end":{"line":38,"column":3}},"5":{"start":{"line":13,"column":23},"end":{"line":13,"column":48}},"6":{"start":{"line":14,"column":4},"end":{"line":18,"column":5}},"7":{"start":{"line":15,"column":20},"end":{"line":15,"column":50}},"8":{"start":{"line":16,"column":6},"end":{"line":16,"column":25}},"9":{"start":{"line":17,"column":6},"end":{"line":17,"column":18}},"10":{"start":{"line":20,"column":18},"end":{"line":20,"column":42}},"11":{"start":{"line":21,"column":20},"end":{"line":21,"column":56}},"12":{"start":{"line":23,"column":17},"end":{"line":23,"column":48}},"13":{"start":{"line":24,"column":4},"end":{"line":28,"column":5}},"14":{"start":{"line":25,"column":20},"end":{"line":25,"column":47}},"15":{"start":{"line":26,"column":6},"end":{"line":26,"column":25}},"16":{"start":{"line":27,"column":6},"end":{"line":27,"column":18}},"17":{"start":{"line":30,"column":4},"end":{"line":30,"column":20}},"18":{"start":{"line":31,"column":4},"end":{"line":31,"column":11}},"19":{"start":{"line":33,"column":4},"end":{"line":36,"column":5}},"20":{"start":{"line":34,"column":6},"end":{"line":34,"column":23}},"21":{"start":{"line":35,"column":6},"end":{"line":35,"column":36}},"22":{"start":{"line":37,"column":4},"end":{"line":37,"column":14}},"23":{"start":{"line":46,"column":0},"end":{"line":62,"column":2}},"24":{"start":{"line":47,"column":2},"end":{"line":61,"column":4}},"25":{"start":{"line":48,"column":4},"end":{"line":52,"column":5}},"26":{"start":{"line":49,"column":20},"end":{"line":49,"column":55}},"27":{"start":{"line":50,"column":6},"end":{"line":50,"column":25}},"28":{"start":{"line":51,"column":6},"end":{"line":51,"column":25}},"29":{"start":{"line":54,"column":4},"end":{"line":58,"column":5}},"30":{"start":{"line":55,"column":20},"end":{"line":55,"column":45}},"31":{"start":{"line":56,"column":6},"end":{"line":56,"column":25}},"32":{"start":{"line":57,"column":6},"end":{"line":57,"column":25}},"33":{"start":{"line":60,"column":4},"end":{"line":60,"column":11}}},"fnMap":{"0":{"name":"(anonymous_0)","decl":{"start":{"line":11,"column":22},"end":{"line":11,"column":23}},"loc":{"start":{"line":11,"column":48},"end":{"line":39,"column":1}},"line":11},"1":{"name":"(anonymous_1)","decl":{"start":{"line":46,"column":22},"end":{"line":46,"column":23}},"loc":{"start":{"line":46,"column":32},"end":{"line":62,"column":1}},"line":46},"2":{"name":"(anonymous_2)","decl":{"start":{"line":47,"column":9},"end":{"line":47,"column":10}},"loc":{"start":{"line":47,"column":29},"end":{"line":61,"column":3}},"line":47}},"branchMap":{"0":{"loc":{"start":{"line":14,"column":4},"end":{"line":18,"column":5}},"type":"if","locations":[{"start":{"line":14,"column":4},"end":{"line":18,"column":5}},{"start":{},"end":{}}],"line":14},"1":{"loc":{"start":{"line":14,"column":8},"end":{"line":14,"column":56}},"type":"binary-expr","locations":[{"start":{"line":14,"column":8},"end":{"line":14,"column":19}},{"start":{"line":14,"column":23},"end":{"line":14,"column":56}}],"line":14},"2":{"loc":{"start":{"line":24,"column":4},"end":{"line":28,"column":5}},"type":"if","locations":[{"start":{"line":24,"column":4},"end":{"line":28,"column":5}},{"start":{},"end":{}}],"line":24},"3":{"loc":{"start":{"line":33,"column":4},"end":{"line":36,"column":5}},"type":"if","locations":[{"start":{"line":33,"column":4},"end":{"line":36,"column":5}},{"start":{},"end":{}}],"line":33},"4":{"loc":{"start":{"line":48,"column":4},"end":{"line":52,"column":5}},"type":"if","locations":[{"start":{"line":48,"column":4},"end":{"line":52,"column":5}},{"start":{},"end":{}}],"line":48},"5":{"loc":{"start":{"line":54,"column":4},"end":{"line":58,"column":5}},"type":"if","locations":[{"start":{"line":54,"column":4},"end":{"line":58,"column":5}},{"start":{},"end":{}}],"line":54}},"s":{"0":4,"1":4,"2":4,"3":4,"4":54,"5":54,"6":54,"7":5,"8":5,"9":5,"10":49,"11":49,"12":49,"13":49,"14":0,"15":0,"16":0,"17":49,"18":49,"19":5,"20":0,"21":0,"22":5,"23":4,"24":12,"25":49,"26":0,"27":0,"28":0,"29":49,"30":5,"31":5,"32":5,"33":44},"f":{"0":54,"1":12,"2":49},"b":{"0":[5,49],"1":[54,49],"2":[0,49],"3":[0,5],"4":[0,49],"5":[5,44]},"_coverageSchema":"1a1c01bbd47fc00a2c39e90264f33305004495a9","hash":"fb52847dbe73f174d75bc08e224281d75aaeba0c"}
,"/usr/src/app/src/middleware/error.middleware.js": {"path":"/usr/src/app/src/middleware/error.middleware.js","statementMap":{"0":{"start":{"line":11,"column":0},"end":{"line":15,"column":4}},"1":{"start":{"line":12,"column":4},"end":{"line":12,"column":23}},"2":{"start":{"line":13,"column":19},"end":{"line":13,"column":36}},"3":{"start":{"line":14,"column":4},"end":{"line":14,"column":72}}},"fnMap":{"0":{"name":"(anonymous_0)","decl":{"start":{"line":11,"column":17},"end":{"line":11,"column":18}},"loc":{"start":{"line":11,"column":43},"end":{"line":15,"column":3}},"line":11}},"branchMap":{"0":{"loc":{"start":{"line":13,"column":19},"end":{"line":13,"column":36}},"type":"binary-expr","locations":[{"start":{"line":13,"column":19},"end":{"line":13,"column":29}},{"start":{"line":13,"column":33},"end":{"line":13,"column":36}}],"line":13},"1":{"loc":{"start":{"line":14,"column":39},"end":{"line":14,"column":68}},"type":"binary-expr","locations":[{"start":{"line":14,"column":39},"end":{"line":14,"column":50}},{"start":{"line":14,"column":54},"end":{"line":14,"column":68}}],"line":14}},"s":{"0":4,"1":11,"2":11,"3":11},"f":{"0":11},"b":{"0":[11,0],"1":[11,0]},"_coverageSchema":"1a1c01bbd47fc00a2c39e90264f33305004495a9","hash":"da7768ef632a1b29a850522a21f919f4aaac1db7"}
,"/usr/src/app/src/middleware/validate.middleware.js": {"path":"/usr/src/app/src/middleware/validate.middleware.js","statementMap":{"0":{"start":{"line":8,"column":0},"end":{"line":20,"column":4}},"1":{"start":{"line":8,"column":29},"end":{"line":20,"column":3}},"2":{"start":{"line":10,"column":19},"end":{"line":10,"column":45}},"3":{"start":{"line":13,"column":4},"end":{"line":13,"column":38}},"4":{"start":{"line":13,"column":24},"end":{"line":13,"column":38}},"5":{"start":{"line":16,"column":19},"end":{"line":16,"column":60}},"6":{"start":{"line":16,"column":50},"end":{"line":16,"column":59}},"7":{"start":{"line":19,"column":4},"end":{"line":19,"column":66}}},"fnMap":{"0":{"name":"(anonymous_0)","decl":{"start":{"line":8,"column":17},"end":{"line":8,"column":18}},"loc":{"start":{"line":8,"column":29},"end":{"line":20,"column":3}},"line":8},"1":{"name":"(anonymous_1)","decl":{"start":{"line":8,"column":29},"end":{"line":8,"column":30}},"loc":{"start":{"line":8,"column":49},"end":{"line":20,"column":3}},"line":8},"2":{"name":"(anonymous_2)","decl":{"start":{"line":16,"column":43},"end":{"line":16,"column":44}},"loc":{"start":{"line":16,"column":50},"end":{"line":16,"column":59}},"line":16}},"branchMap":{"0":{"loc":{"start":{"line":13,"column":4},"end":{"line":13,"column":38}},"type":"if","locations":[{"start":{"line":13,"column":4},"end":{"line":13,"column":38}},{"start":{},"end":{}}],"line":13}},"s":{"0":3,"1":24,"2":33,"3":33,"4":33,"5":0,"6":0,"7":0},"f":{"0":24,"1":33,"2":0},"b":{"0":[33,0]},"_coverageSchema":"1a1c01bbd47fc00a2c39e90264f33305004495a9","hash":"227526cc98390e47825b15cfb842bf71de036a36"}
,"/usr/src/app/src/models/index.js": {"path":"/usr/src/app/src/models/index.js","statementMap":{"0":{"start":{"line":2,"column":0},"end":{"line":2,"column":27}},"1":{"start":{"line":3,"column":33},"end":{"line":3,"column":53}},"2":{"start":{"line":6,"column":18},"end":{"line":6,"column":98}},"3":{"start":{"line":9,"column":13},"end":{"line":16,"column":64}},"4":{"start":{"line":19,"column":19},"end":{"line":30,"column":70}},"5":{"start":{"line":33,"column":17},"end":{"line":42,"column":176}},"6":{"start":{"line":45,"column":19},"end":{"line":52,"column":176}},"7":{"start":{"line":55,"column":25},"end":{"line":61,"column":77}},"8":{"start":{"line":64,"column":0},"end":{"line":64,"column":77}},"9":{"start":{"line":65,"column":0},"end":{"line":65,"column":78}},"10":{"start":{"line":66,"column":0},"end":{"line":66,"column":79}},"11":{"start":{"line":67,"column":0},"end":{"line":67,"column":82}},"12":{"start":{"line":68,"column":0},"end":{"line":68,"column":83}},"13":{"start":{"line":69,"column":0},"end":{"line":69,"column":84}},"14":{"start":{"line":70,"column":0},"end":{"line":70,"column":74}},"15":{"start":{"line":71,"column":0},"end":{"line":71,"column":72}},"16":{"start":{"line":72,"column":0},"end":{"line":72,"column":85}},"17":{"start":{"line":73,"column":0},"end":{"line":73,"column":90}},"18":{"start":{"line":74,"column":0},"end":{"line":74,"column":92}},"19":{"start":{"line":75,"column":0},"end":{"line":75,"column":84}},"20":{"start":{"line":77,"column":0},"end":{"line":77,"column":100}}},"fnMap":{},"branchMap":{},"s":{"0":4,"1":4,"2":4,"3":4,"4":4,"5":4,"6":4,"7":4,"8":4,"9":4,"10":4,"11":4,"12":4,"13":4,"14":4,"15":4,"16":4,"17":4,"18":4,"19":4,"20":4},"f":{},"b":{},"_coverageSchema":"1a1c01bbd47fc00a2c39e90264f33305004495a9","hash":"a77877268fe700f3ffc70e6ae11155fdd945929a"}
,"/usr/src/app/src/routes/admin.routes.js": {"path":"/usr/src/app/src/routes/admin.routes.js","statementMap":{"0":{"start":{"line":1,"column":20},"end":{"line":1,"column":45}},"1":{"start":{"line":2,"column":37},"end":{"line":2,"column":77}},"2":{"start":{"line":3,"column":20},"end":{"line":3,"column":64}},"3":{"start":{"line":4,"column":20},"end":{"line":4,"column":61}},"4":{"start":{"line":5,"column":47},"end":{"line":5,"column":87}},"5":{"start":{"line":7,"column":15},"end":{"line":7,"column":23}},"6":{"start":{"line":13,"column":0},"end":{"line":13,"column":24}},"7":{"start":{"line":14,"column":0},"end":{"line":14,"column":33}},"8":{"start":{"line":22,"column":0},"end":{"line":25,"column":55}},"9":{"start":{"line":34,"column":0},"end":{"line":38,"column":29}},"10":{"start":{"line":40,"column":0},"end":{"line":40,"column":24}}},"fnMap":{},"branchMap":{},"s":{"0":4,"1":4,"2":4,"3":4,"4":4,"5":4,"6":4,"7":4,"8":4,"9":4,"10":4},"f":{},"b":{},"_coverageSchema":"1a1c01bbd47fc00a2c39e90264f33305004495a9","hash":"61b81cd85c20fc92235bfcfb29fc312f84f5c2fc"}
,"/usr/src/app/src/routes/auth.routes.js": {"path":"/usr/src/app/src/routes/auth.routes.js","statementMap":{"0":{"start":{"line":1,"column":19},"end":{"line":1,"column":44}},"1":{"start":{"line":2,"column":19},"end":{"line":2,"column":63}},"2":{"start":{"line":3,"column":19},"end":{"line":3,"column":60}},"3":{"start":{"line":4,"column":40},"end":{"line":4,"column":80}},"4":{"start":{"line":10,"column":15},"end":{"line":10,"column":23}},"5":{"start":{"line":13,"column":0},"end":{"line":13,"column":69}},"6":{"start":{"line":16,"column":0},"end":{"line":16,"column":72}},"7":{"start":{"line":18,"column":0},"end":{"line":18,"column":24}}},"fnMap":{},"branchMap":{},"s":{"0":4,"1":4,"2":4,"3":4,"4":4,"5":4,"6":4,"7":4},"f":{},"b":{},"_coverageSchema":"1a1c01bbd47fc00a2c39e90264f33305004495a9","hash":"e666dd2969d208721aa98749bc654f7710d09a21"}
,"/usr/src/app/src/routes/instructor.routes.js": {"path":"/usr/src/app/src/routes/instructor.routes.js","statementMap":{"0":{"start":{"line":1,"column":20},"end":{"line":1,"column":45}},"1":{"start":{"line":2,"column":37},"end":{"line":2,"column":77}},"2":{"start":{"line":3,"column":20},"end":{"line":3,"column":64}},"3":{"start":{"line":4,"column":30},"end":{"line":4,"column":77}},"4":{"start":{"line":5,"column":30},"end":{"line":5,"column":77}},"5":{"start":{"line":6,"column":23},"end":{"line":6,"column":49}},"6":{"start":{"line":7,"column":59},"end":{"line":7,"column":105}},"7":{"start":{"line":8,"column":34},"end":{"line":8,"column":80}},"8":{"start":{"line":14,"column":15},"end":{"line":14,"column":23}},"9":{"start":{"line":16,"column":0},"end":{"line":16,"column":24}},"10":{"start":{"line":17,"column":0},"end":{"line":17,"column":38}},"11":{"start":{"line":24,"column":0},"end":{"line":27,"column":71}},"12":{"start":{"line":26,"column":27},"end":{"line":26,"column":88}},"13":{"start":{"line":35,"column":0},"end":{"line":40,"column":39}},"14":{"start":{"line":37,"column":27},"end":{"line":37,"column":86}},"15":{"start":{"line":39,"column":4},"end":{"line":39,"column":72}},"16":{"start":{"line":43,"column":0},"end":{"line":43,"column":81}},"17":{"start":{"line":46,"column":0},"end":{"line":49,"column":2}},"18":{"start":{"line":51,"column":0},"end":{"line":51,"column":24}}},"fnMap":{"0":{"name":"(anonymous_0)","decl":{"start":{"line":26,"column":7},"end":{"line":26,"column":8}},"loc":{"start":{"line":26,"column":27},"end":{"line":26,"column":88}},"line":26},"1":{"name":"(anonymous_1)","decl":{"start":{"line":37,"column":7},"end":{"line":37,"column":8}},"loc":{"start":{"line":37,"column":27},"end":{"line":37,"column":86}},"line":37},"2":{"name":"(anonymous_2)","decl":{"start":{"line":38,"column":41},"end":{"line":38,"column":42}},"loc":{"start":{"line":39,"column":4},"end":{"line":39,"column":72}},"line":39}},"branchMap":{},"s":{"0":4,"1":4,"2":4,"3":4,"4":4,"5":4,"6":4,"7":4,"8":4,"9":4,"10":4,"11":4,"12":1,"13":4,"14":3,"15":1,"16":4,"17":4,"18":4},"f":{"0":1,"1":3,"2":1},"b":{},"_coverageSchema":"1a1c01bbd47fc00a2c39e90264f33305004495a9","hash":"c57a55f6efb6495068075fb70745ef6c8088ac45"}
,"/usr/src/app/src/routes/student.routes.js": {"path":"/usr/src/app/src/routes/student.routes.js","statementMap":{"0":{"start":{"line":1,"column":16},"end":{"line":1,"column":34}},"1":{"start":{"line":2,"column":15},"end":{"line":2,"column":31}},"2":{"start":{"line":3,"column":29},"end":{"line":3,"column":76}},"3":{"start":{"line":4,"column":29},"end":{"line":4,"column":76}},"4":{"start":{"line":5,"column":37},"end":{"line":5,"column":77}},"5":{"start":{"line":6,"column":17},"end":{"line":6,"column":61}},"6":{"start":{"line":7,"column":32},"end":{"line":7,"column":78}},"7":{"start":{"line":15,"column":0},"end":{"line":15,"column":24}},"8":{"start":{"line":16,"column":0},"end":{"line":16,"column":35}},"9":{"start":{"line":23,"column":0},"end":{"line":25,"column":3}},"10":{"start":{"line":24,"column":2},"end":{"line":24,"column":64}},"11":{"start":{"line":32,"column":0},"end":{"line":34,"column":3}},"12":{"start":{"line":33,"column":2},"end":{"line":33,"column":75}},"13":{"start":{"line":41,"column":0},"end":{"line":51,"column":2}},"14":{"start":{"line":44,"column":4},"end":{"line":46,"column":5}},"15":{"start":{"line":45,"column":6},"end":{"line":45,"column":71}},"16":{"start":{"line":47,"column":4},"end":{"line":47,"column":11}},"17":{"start":{"line":58,"column":0},"end":{"line":60,"column":3}},"18":{"start":{"line":59,"column":2},"end":{"line":59,"column":78}},"19":{"start":{"line":62,"column":0},"end":{"line":62,"column":24}}},"fnMap":{"0":{"name":"(anonymous_0)","decl":{"start":{"line":23,"column":27},"end":{"line":23,"column":28}},"loc":{"start":{"line":23,"column":47},"end":{"line":25,"column":1}},"line":23},"1":{"name":"(anonymous_1)","decl":{"start":{"line":32,"column":31},"end":{"line":32,"column":32}},"loc":{"start":{"line":32,"column":51},"end":{"line":34,"column":1}},"line":32},"2":{"name":"(anonymous_2)","decl":{"start":{"line":43,"column":2},"end":{"line":43,"column":3}},"loc":{"start":{"line":43,"column":22},"end":{"line":48,"column":3}},"line":43},"3":{"name":"(anonymous_3)","decl":{"start":{"line":58,"column":39},"end":{"line":58,"column":40}},"loc":{"start":{"line":58,"column":59},"end":{"line":60,"column":1}},"line":58}},"branchMap":{"0":{"loc":{"start":{"line":44,"column":4},"end":{"line":46,"column":5}},"type":"if","locations":[{"start":{"line":44,"column":4},"end":{"line":46,"column":5}},{"start":{},"end":{}}],"line":44}},"s":{"0":4,"1":4,"2":4,"3":4,"4":4,"5":4,"6":4,"7":4,"8":4,"9":4,"10":1,"11":4,"12":1,"13":4,"14":4,"15":0,"16":4,"17":4,"18":1,"19":4},"f":{"0":1,"1":1,"2":4,"3":1},"b":{"0":[0,4]},"_coverageSchema":"1a1c01bbd47fc00a2c39e90264f33305004495a9","hash":"746860669fcf22a66ea0efb5625bb5964e49899b"}
,"/usr/src/app/src/services/assessment.service.js": {"path":"/usr/src/app/src/services/assessment.service.js","statementMap":{"0":{"start":{"line":6,"column":55},"end":{"line":6,"column":75}},"1":{"start":{"line":17,"column":0},"end":{"line":38,"column":2}},"2":{"start":{"line":18,"column":2},"end":{"line":37,"column":5}},"3":{"start":{"line":19,"column":23},"end":{"line":22,"column":5}},"4":{"start":{"line":24,"column":4},"end":{"line":35,"column":5}},"5":{"start":{"line":25,"column":24},"end":{"line":33,"column":9}},"6":{"start":{"line":25,"column":53},"end":{"line":33,"column":7}},"7":{"start":{"line":34,"column":6},"end":{"line":34,"column":64}},"8":{"start":{"line":36,"column":4},"end":{"line":36,"column":22}},"9":{"start":{"line":40,"column":16},"end":{"line":40,"column":41}},"10":{"start":{"line":53,"column":0},"end":{"line":75,"column":2}},"11":{"start":{"line":54,"column":15},"end":{"line":54,"column":40}},"12":{"start":{"line":55,"column":2},"end":{"line":55,"column":47}},"13":{"start":{"line":55,"column":13},"end":{"line":55,"column":47}},"14":{"start":{"line":57,"column":2},"end":{"line":65,"column":3}},"15":{"start":{"line":58,"column":4},"end":{"line":64,"column":7}},"16":{"start":{"line":67,"column":2},"end":{"line":71,"column":3}},"17":{"start":{"line":68,"column":4},"end":{"line":70,"column":7}},"18":{"start":{"line":74,"column":2},"end":{"line":74,"column":12}},"19":{"start":{"line":83,"column":0},"end":{"line":85,"column":2}},"20":{"start":{"line":84,"column":2},"end":{"line":84,"column":33}},"21":{"start":{"line":94,"column":0},"end":{"line":96,"column":2}},"22":{"start":{"line":95,"column":2},"end":{"line":95,"column":51}},"23":{"start":{"line":104,"column":0},"end":{"line":106,"column":2}},"24":{"start":{"line":105,"column":2},"end":{"line":105,"column":47}}},"fnMap":{"0":{"name":"(anonymous_0)","decl":{"start":{"line":17,"column":17},"end":{"line":17,"column":18}},"loc":{"start":{"line":17,"column":50},"end":{"line":38,"column":1}},"line":17},"1":{"name":"(anonymous_1)","decl":{"start":{"line":18,"column":31},"end":{"line":18,"column":32}},"loc":{"start":{"line":18,"column":45},"end":{"line":37,"column":3}},"line":18},"2":{"name":"(anonymous_2)","decl":{"start":{"line":25,"column":42},"end":{"line":25,"column":43}},"loc":{"start":{"line":25,"column":53},"end":{"line":33,"column":7}},"line":25},"3":{"name":"(anonymous_3)","decl":{"start":{"line":53,"column":15},"end":{"line":53,"column":16}},"loc":{"start":{"line":53,"column":33},"end":{"line":75,"column":1}},"line":53},"4":{"name":"(anonymous_4)","decl":{"start":{"line":83,"column":18},"end":{"line":83,"column":19}},"loc":{"start":{"line":83,"column":32},"end":{"line":85,"column":1}},"line":83},"5":{"name":"(anonymous_5)","decl":{"start":{"line":94,"column":17},"end":{"line":94,"column":18}},"loc":{"start":{"line":94,"column":36},"end":{"line":96,"column":1}},"line":94},"6":{"name":"(anonymous_6)","decl":{"start":{"line":104,"column":17},"end":{"line":104,"column":18}},"loc":{"start":{"line":104,"column":31},"end":{"line":106,"column":1}},"line":104}},"branchMap":{"0":{"loc":{"start":{"line":24,"column":4},"end":{"line":35,"column":5}},"type":"if","locations":[{"start":{"line":24,"column":4},"end":{"line":35,"column":5}},{"start":{},"end":{}}],"line":24},"1":{"loc":{"start":{"line":27,"column":16},"end":{"line":27,"column":34}},"type":"binary-expr","locations":[{"start":{"line":27,"column":16},"end":{"line":27,"column":24}},{"start":{"line":27,"column":28},"end":{"line":27,"column":34}}],"line":27},"2":{"loc":{"start":{"line":30,"column":17},"end":{"line":30,"column":32}},"type":"binary-expr","locations":[{"start":{"line":30,"column":17},"end":{"line":30,"column":26}},{"start":{"line":30,"column":30},"end":{"line":30,"column":32}}],"line":30},"3":{"loc":{"start":{"line":31,"column":24},"end":{"line":31,"column":46}},"type":"binary-expr","locations":[{"start":{"line":31,"column":24},"end":{"line":31,"column":40}},{"start":{"line":31,"column":44},"end":{"line":31,"column":46}}],"line":31},"4":{"loc":{"start":{"line":55,"column":2},"end":{"line":55,"column":47}},"type":"if","locations":[{"start":{"line":55,"column":2},"end":{"line":55,"column":47}},{"start":{},"end":{}}],"line":55},"5":{"loc":{"start":{"line":57,"column":2},"end":{"line":65,"column":3}},"type":"if","locations":[{"start":{"line":57,"column":2},"end":{"line":65,"column":3}},{"start":{},"end":{}}],"line":57},"6":{"loc":{"start":{"line":67,"column":2},"end":{"line":71,"column":3}},"type":"if","locations":[{"start":{"line":67,"column":2},"end":{"line":71,"column":3}},{"start":{},"end":{}}],"line":67}},"s":{"0":4,"1":4,"2":34,"3":34,"4":34,"5":24,"6":41,"7":24,"8":34,"9":4,"10":4,"11":5,"12":5,"13":1,"14":4,"15":2,"16":2,"17":2,"18":0,"19":4,"20":13,"21":4,"22":2,"23":4,"24":2},"f":{"0":34,"1":34,"2":41,"3":5,"4":13,"5":2,"6":2},"b":{"0":[24,10],"1":[41,0],"2":[41,3],"3":[41,3],"4":[1,4],"5":[2,2],"6":[2,0]},"_coverageSchema":"1a1c01bbd47fc00a2c39e90264f33305004495a9","hash":"59ea26f15504742137aa192941a4059e1af1c87d"}
,"/usr/src/app/src/services/auth.service.js": {"path":"/usr/src/app/src/services/auth.service.js","statementMap":{"0":{"start":{"line":6,"column":28},"end":{"line":6,"column":48}},"1":{"start":{"line":7,"column":15},"end":{"line":7,"column":34}},"2":{"start":{"line":8,"column":16},"end":{"line":8,"column":39}},"3":{"start":{"line":9,"column":15},"end":{"line":9,"column":35}},"4":{"start":{"line":21,"column":0},"end":{"line":24,"column":2}},"5":{"start":{"line":22,"column":15},"end":{"line":22,"column":68}},"6":{"start":{"line":23,"column":2},"end":{"line":23,"column":69}},"7":{"start":{"line":35,"column":0},"end":{"line":46,"column":2}},"8":{"start":{"line":37,"column":15},"end":{"line":39,"column":4}},"9":{"start":{"line":40,"column":2},"end":{"line":44,"column":3}},"10":{"start":{"line":41,"column":18},"end":{"line":41,"column":50}},"11":{"start":{"line":42,"column":4},"end":{"line":42,"column":23}},"12":{"start":{"line":43,"column":4},"end":{"line":43,"column":16}},"13":{"start":{"line":45,"column":2},"end":{"line":45,"column":108}}},"fnMap":{"0":{"name":"(anonymous_0)","decl":{"start":{"line":21,"column":19},"end":{"line":21,"column":20}},"loc":{"start":{"line":21,"column":66},"end":{"line":24,"column":1}},"line":21},"1":{"name":"(anonymous_1)","decl":{"start":{"line":35,"column":16},"end":{"line":35,"column":17}},"loc":{"start":{"line":35,"column":52},"end":{"line":46,"column":1}},"line":35}},"branchMap":{"0":{"loc":{"start":{"line":40,"column":2},"end":{"line":44,"column":3}},"type":"if","locations":[{"start":{"line":40,"column":2},"end":{"line":44,"column":3}},{"start":{},"end":{}}],"line":40},"1":{"loc":{"start":{"line":40,"column":6},"end":{"line":40,"column":68}},"type":"binary-expr","locations":[{"start":{"line":40,"column":6},"end":{"line":40,"column":11}},{"start":{"line":40,"column":15},"end":{"line":40,"column":68}}],"line":40}},"s":{"0":4,"1":4,"2":4,"3":4,"4":4,"5":90,"6":90,"7":4,"8":5,"9":5,"10":2,"11":2,"12":2,"13":3},"f":{"0":90,"1":5},"b":{"0":[2,3],"1":[5,5]},"_coverageSchema":"1a1c01bbd47fc00a2c39e90264f33305004495a9","hash":"d23945f8a2c2ce5f267c574b2cb92aecf67b1ae3"}
,"/usr/src/app/src/services/submission.service.js": {"path":"/usr/src/app/src/services/submission.service.js","statementMap":{"0":{"start":{"line":6,"column":68},"end":{"line":6,"column":88}},"1":{"start":{"line":15,"column":18},"end":{"line":20,"column":1}},"2":{"start":{"line":16,"column":2},"end":{"line":18,"column":3}},"3":{"start":{"line":17,"column":4},"end":{"line":17,"column":78}},"4":{"start":{"line":19,"column":2},"end":{"line":19,"column":14}},"5":{"start":{"line":31,"column":0},"end":{"line":73,"column":2}},"6":{"start":{"line":32,"column":2},"end":{"line":72,"column":5}},"7":{"start":{"line":34,"column":23},"end":{"line":37,"column":5}},"8":{"start":{"line":40,"column":22},"end":{"line":43,"column":6}},"9":{"start":{"line":46,"column":16},"end":{"line":46,"column":17}},"10":{"start":{"line":47,"column":22},"end":{"line":47,"column":23}},"11":{"start":{"line":48,"column":23},"end":{"line":48,"column":25}},"12":{"start":{"line":50,"column":4},"end":{"line":62,"column":5}},"13":{"start":{"line":51,"column":18},"end":{"line":51,"column":31}},"14":{"start":{"line":52,"column":22},"end":{"line":52,"column":39}},"15":{"start":{"line":53,"column":6},"end":{"line":53,"column":30}},"16":{"start":{"line":54,"column":6},"end":{"line":54,"column":46}},"17":{"start":{"line":54,"column":28},"end":{"line":54,"column":46}},"18":{"start":{"line":56,"column":6},"end":{"line":61,"column":9}},"19":{"start":{"line":64,"column":4},"end":{"line":66,"column":5}},"20":{"start":{"line":65,"column":6},"end":{"line":65,"column":73}},"21":{"start":{"line":69,"column":4},"end":{"line":69,"column":85}},"22":{"start":{"line":70,"column":4},"end":{"line":70,"column":47}},"23":{"start":{"line":71,"column":4},"end":{"line":71,"column":22}},"24":{"start":{"line":81,"column":0},"end":{"line":93,"column":2}},"25":{"start":{"line":82,"column":2},"end":{"line":92,"column":5}},"26":{"start":{"line":102,"column":0},"end":{"line":127,"column":2}},"27":{"start":{"line":103,"column":21},"end":{"line":108,"column":4}},"28":{"start":{"line":110,"column":2},"end":{"line":110,"column":31}},"29":{"start":{"line":110,"column":19},"end":{"line":110,"column":31}},"30":{"start":{"line":112,"column":18},"end":{"line":121,"column":4}},"31":{"start":{"line":123,"column":2},"end":{"line":126,"column":4}},"32":{"start":{"line":138,"column":0},"end":{"line":147,"column":2}},"33":{"start":{"line":139,"column":21},"end":{"line":139,"column":60}},"34":{"start":{"line":140,"column":2},"end":{"line":140,"column":31}},"35":{"start":{"line":140,"column":19},"end":{"line":140,"column":31}},"36":{"start":{"line":142,"column":2},"end":{"line":142,"column":27}},"37":{"start":{"line":143,"column":2},"end":{"line":143,"column":47}},"38":{"start":{"line":143,"column":16},"end":{"line":143,"column":47}},"39":{"start":{"line":144,"column":2},"end":{"line":144,"column":26}},"40":{"start":{"line":146,"column":2},"end":{"line":146,"column":20}}},"fnMap":{"0":{"name":"(anonymous_0)","decl":{"start":{"line":15,"column":18},"end":{"line":15,"column":19}},"loc":{"start":{"line":15,"column":40},"end":{"line":20,"column":1}},"line":15},"1":{"name":"(anonymous_1)","decl":{"start":{"line":31,"column":17},"end":{"line":31,"column":18}},"loc":{"start":{"line":31,"column":65},"end":{"line":73,"column":1}},"line":31},"2":{"name":"(anonymous_2)","decl":{"start":{"line":32,"column":31},"end":{"line":32,"column":32}},"loc":{"start":{"line":32,"column":45},"end":{"line":72,"column":3}},"line":32},"3":{"name":"(anonymous_3)","decl":{"start":{"line":81,"column":27},"end":{"line":81,"column":28}},"loc":{"start":{"line":81,"column":51},"end":{"line":93,"column":1}},"line":81},"4":{"name":"(anonymous_4)","decl":{"start":{"line":102,"column":28},"end":{"line":102,"column":29}},"loc":{"start":{"line":102,"column":63},"end":{"line":127,"column":1}},"line":102},"5":{"name":"(anonymous_5)","decl":{"start":{"line":138,"column":16},"end":{"line":138,"column":17}},"loc":{"start":{"line":138,"column":61},"end":{"line":147,"column":1}},"line":138}},"branchMap":{"0":{"loc":{"start":{"line":16,"column":2},"end":{"line":18,"column":3}},"type":"if","locations":[{"start":{"line":16,"column":2},"end":{"line":18,"column":3}},{"start":{},"end":{}}],"line":16},"1":{"loc":{"start":{"line":16,"column":6},"end":{"line":16,"column":75}},"type":"binary-expr","locations":[{"start":{"line":16,"column":6},"end":{"line":16,"column":41}},{"start":{"line":16,"column":45},"end":{"line":16,"column":75}}],"line":16},"2":{"loc":{"start":{"line":54,"column":6},"end":{"line":54,"column":46}},"type":"if","locations":[{"start":{"line":54,"column":6},"end":{"line":54,"column":46}},{"start":{},"end":{}}],"line":54},"3":{"loc":{"start":{"line":59,"column":16},"end":{"line":59,"column":27}},"type":"binary-expr","locations":[{"start":{"line":59,"column":16},"end":{"line":59,"column":19}},{"start":{"line":59,"column":23},"end":{"line":59,"column":27}}],"line":59},"4":{"loc":{"start":{"line":64,"column":4},"end":{"line":66,"column":5}},"type":"if","locations":[{"start":{"line":64,"column":4},"end":{"line":66,"column":5}},{"start":{},"end":{}}],"line":64},"5":{"loc":{"start":{"line":69,"column":23},"end":{"line":69,"column":84}},"type":"cond-expr","locations":[{"start":{"line":69,"column":41},"end":{"line":69,"column":80}},{"start":{"line":69,"column":83},"end":{"line":69,"column":84}}],"line":69},"6":{"loc":{"start":{"line":110,"column":2},"end":{"line":110,"column":31}},"type":"if","locations":[{"start":{"line":110,"column":2},"end":{"line":110,"column":31}},{"start":{},"end":{}}],"line":110},"7":{"loc":{"start":{"line":140,"column":2},"end":{"line":140,"column":31}},"type":"if","locations":[{"start":{"line":140,"column":2},"end":{"line":140,"column":31}},{"start":{},"end":{}}],"line":140},"8":{"loc":{"start":{"line":143,"column":2},"end":{"line":143,"column":47}},"type":"if","locations":[{"start":{"line":143,"column":2},"end":{"line":143,"column":47}},{"start":{},"end":{}}],"line":143}},"s":{"0":4,"1":4,"2":20,"3":18,"4":2,"5":4,"6":9,"7":9,"8":9,"9":9,"10":9,"11":9,"12":9,"13":20,"14":20,"15":20,"16":20,"17":16,"18":20,"19":9,"20":9,"21":9,"22":9,"23":9,"24":4,"25":1,"26":4,"27":1,"28":1,"29":0,"30":1,"31":1,"32":4,"33":2,"34":2,"35":1,"36":1,"37":1,"38":1,"39":1,"40":1},"f":{"0":20,"1":9,"2":9,"3":1,"4":1,"5":2},"b":{"0":[18,2],"1":[20,2],"2":[16,4],"3":[20,0],"4":[9,0],"5":[9,0],"6":[0,1],"7":[1,1],"8":[1,0]},"_coverageSchema":"1a1c01bbd47fc00a2c39e90264f33305004495a9","hash":"e5329808afbd6d6dc6b58e2cc0f7b7e18fc43ec9"}
,"/usr/src/app/src/services/user.service.js": {"path":"/usr/src/app/src/services/user.service.js","statementMap":{"0":{"start":{"line":6,"column":17},"end":{"line":6,"column":37}},"1":{"start":{"line":13,"column":0},"end":{"line":13,"column":93}},"2":{"start":{"line":13,"column":32},"end":{"line":13,"column":92}},"3":{"start":{"line":20,"column":0},"end":{"line":20,"column":98}},"4":{"start":{"line":20,"column":32},"end":{"line":20,"column":97}},"5":{"start":{"line":28,"column":0},"end":{"line":28,"column":86}},"6":{"start":{"line":28,"column":32},"end":{"line":28,"column":85}},"7":{"start":{"line":35,"column":0},"end":{"line":35,"column":64}},"8":{"start":{"line":35,"column":32},"end":{"line":35,"column":63}},"9":{"start":{"line":42,"column":0},"end":{"line":42,"column":50}},"10":{"start":{"line":42,"column":32},"end":{"line":42,"column":49}}},"fnMap":{"0":{"name":"(anonymous_0)","decl":{"start":{"line":13,"column":16},"end":{"line":13,"column":17}},"loc":{"start":{"line":13,"column":32},"end":{"line":13,"column":92}},"line":13},"1":{"name":"(anonymous_1)","decl":{"start":{"line":20,"column":16},"end":{"line":20,"column":17}},"loc":{"start":{"line":20,"column":32},"end":{"line":20,"column":97}},"line":20},"2":{"name":"(anonymous_2)","decl":{"start":{"line":28,"column":17},"end":{"line":28,"column":18}},"loc":{"start":{"line":28,"column":32},"end":{"line":28,"column":85}},"line":28},"3":{"name":"(anonymous_3)","decl":{"start":{"line":35,"column":17},"end":{"line":35,"column":18}},"loc":{"start":{"line":35,"column":32},"end":{"line":35,"column":63}},"line":35},"4":{"name":"(anonymous_4)","decl":{"start":{"line":42,"column":17},"end":{"line":42,"column":18}},"loc":{"start":{"line":42,"column":32},"end":{"line":42,"column":49}},"line":42}},"branchMap":{},"s":{"0":4,"1":4,"2":2,"3":4,"4":11,"5":4,"6":3,"7":4,"8":3,"9":4,"10":7},"f":{"0":2,"1":11,"2":3,"3":3,"4":7},"b":{},"_coverageSchema":"1a1c01bbd47fc00a2c39e90264f33305004495a9","hash":"4d319ae9e1fe066ac096053dece6d5bfe8e277ad"}
,"/usr/src/app/src/validation/assessment.validation.js": {"path":"/usr/src/app/src/validation/assessment.validation.js","statementMap":{"0":{"start":{"line":1,"column":14},"end":{"line":1,"column":28}},"1":{"start":{"line":3,"column":31},"end":{"line":20,"column":2}},"2":{"start":{"line":22,"column":31},"end":{"line":30,"column":2}},"3":{"start":{"line":32,"column":0},"end":{"line":35,"column":2}}},"fnMap":{},"branchMap":{},"s":{"0":4,"1":4,"2":4,"3":4},"f":{},"b":{},"_coverageSchema":"1a1c01bbd47fc00a2c39e90264f33305004495a9","hash":"98a87477f521070abb5fe7c1d8a4d2766616c0de"}
,"/usr/src/app/src/validation/auth.validation.js": {"path":"/usr/src/app/src/validation/auth.validation.js","statementMap":{"0":{"start":{"line":1,"column":14},"end":{"line":1,"column":28}},"1":{"start":{"line":3,"column":23},"end":{"line":8,"column":2}},"2":{"start":{"line":10,"column":20},"end":{"line":13,"column":2}},"3":{"start":{"line":15,"column":0},"end":{"line":18,"column":2}}},"fnMap":{},"branchMap":{},"s":{"0":4,"1":4,"2":4,"3":4},"f":{},"b":{},"_coverageSchema":"1a1c01bbd47fc00a2c39e90264f33305004495a9","hash":"7f1f18d2f31f66e81419851ccc54ed2cf50b5fcb"}
,"/usr/src/app/src/validation/submission.validation.js": {"path":"/usr/src/app/src/validation/submission.validation.js","statementMap":{"0":{"start":{"line":1,"column":14},"end":{"line":1,"column":28}},"1":{"start":{"line":4,"column":28},"end":{"line":6,"column":2}},"2":{"start":{"line":9,"column":30},"end":{"line":14,"column":2}},"3":{"start":{"line":16,"column":0},"end":{"line":19,"column":2}}},"fnMap":{},"branchMap":{},"s":{"0":4,"1":4,"2":4,"3":4},"f":{},"b":{},"_coverageSchema":"1a1c01bbd47fc00a2c39e90264f33305004495a9","hash":"edb71295399e26c888d5e478d68781f7bb74fe4f"}
,"/usr/src/app/src/validation/user.validation.js": {"path":"/usr/src/app/src/validation/user.validation.js","statementMap":{"0":{"start":{"line":1,"column":14},"end":{"line":1,"column":28}},"1":{"start":{"line":3,"column":25},"end":{"line":8,"column":2}},"2":{"start":{"line":10,"column":25},"end":{"line":15,"column":2}},"3":{"start":{"line":17,"column":0},"end":{"line":20,"column":2}}},"fnMap":{},"branchMap":{},"s":{"0":4,"1":4,"2":4,"3":4},"f":{},"b":{},"_coverageSchema":"1a1c01bbd47fc00a2c39e90264f33305004495a9","hash":"65be9d1bc15ddaa983adcd3c3ae0ff04b9660643"}
}
