TN:
SF:src/app.js
FN:20,(anonymous_0)
FN:21,(anonymous_1)
FN:22,(anonymous_2)
FN:23,(anonymous_3)
FN:41,normalizePort
FNF:5
FNH:4
FNDA:4,(anonymous_0)
FNDA:4,(anonymous_1)
FNDA:4,(anonymous_2)
FNDA:0,(anonymous_3)
FNDA:4,normalizePort
DA:1,4
DA:2,4
DA:3,4
DA:4,4
DA:5,4
DA:6,4
DA:8,4
DA:9,4
DA:10,4
DA:11,4
DA:12,4
DA:14,4
DA:17,4
DA:18,4
DA:19,4
DA:20,4
DA:21,4
DA:22,4
DA:23,0
DA:25,4
DA:26,4
DA:27,4
DA:28,4
DA:29,4
DA:30,4
DA:32,4
DA:33,4
DA:34,4
DA:35,4
DA:38,4
DA:42,4
DA:43,4
DA:45,0
DA:47,4
DA:49,4
DA:51,0
DA:54,4
DA:55,4
DA:57,4
LF:39
LH:36
BRDA:43,0,0,0
BRDA:43,0,1,4
BRDA:47,1,0,4
BRDA:47,1,1,0
BRF:4
BRH:2
end_of_record
TN:
SF:src/config.js
FN:7,(anonymous_0)
FN:11,(anonymous_1)
FNF:2
FNH:2
FNDA:4,(anonymous_0)
FNDA:4,(anonymous_1)
DA:1,4
DA:3,4
DA:5,4
DA:7,4
DA:11,4
DA:14,4
DA:15,4
DA:16,0
DA:17,0
DA:20,4
DA:22,4
DA:23,4
DA:27,4
LF:13
LH:11
BRDA:15,0,0,0
BRDA:15,0,1,4
BRDA:23,1,0,4
BRDA:23,1,1,0
BRF:4
BRH:2
end_of_record
TN:
SF:src/controllers/assessment.controller.js
FN:15,(anonymous_0)
FN:31,(anonymous_1)
FN:31,(anonymous_2)
FN:46,(anonymous_3)
FN:46,(anonymous_4)
FN:64,(anonymous_5)
FN:64,(anonymous_6)
FN:99,(anonymous_7)
FN:99,(anonymous_8)
FN:120,(anonymous_9)
FNF:10
FNH:10
FNDA:21,(anonymous_0)
FNDA:2,(anonymous_1)
FNDA:2,(anonymous_2)
FNDA:3,(anonymous_3)
FNDA:3,(anonymous_4)
FNDA:1,(anonymous_5)
FNDA:1,(anonymous_6)
FNDA:1,(anonymous_7)
FNDA:1,(anonymous_8)
FNDA:1,(anonymous_9)
DA:5,4
DA:15,4
DA:16,21
DA:17,21
DA:18,21
DA:19,21
DA:21,0
DA:31,4
DA:32,2
DA:33,2
DA:34,2
DA:36,0
DA:46,4
DA:47,3
DA:48,3
DA:49,3
DA:50,1
DA:52,2
DA:54,0
DA:64,4
DA:65,1
DA:66,1
DA:67,1
DA:68,0
DA:72,1
DA:73,1
DA:74,0
DA:78,1
DA:83,1
DA:88,0
DA:99,4
DA:100,1
DA:101,1
DA:102,1
DA:103,1
DA:104,0
DA:106,1
DA:108,0
DA:120,4
DA:121,1
DA:122,1
DA:123,1
DA:124,1
DA:125,0
DA:127,1
DA:129,0
LF:46
LH:36
BRDA:49,0,0,1
BRDA:49,0,1,2
BRDA:67,1,0,0
BRDA:67,1,1,1
BRDA:73,2,0,0
BRDA:73,2,1,1
BRDA:73,3,0,1
BRDA:73,3,1,1
BRDA:103,4,0,0
BRDA:103,4,1,1
BRDA:124,5,0,0
BRDA:124,5,1,1
BRF:12
BRH:8
end_of_record
TN:
SF:src/controllers/auth.controller.js
FN:21,(anonymous_0)
FN:41,(anonymous_1)
FNF:2
FNH:2
FNDA:3,(anonymous_0)
FNDA:2,(anonymous_1)
DA:2,4
DA:21,4
DA:22,3
DA:23,3
DA:24,3
DA:25,3
DA:27,0
DA:41,4
DA:42,2
DA:43,2
DA:44,2
DA:45,1
DA:47,1
LF:13
LH:12
BRF:0
BRH:0
end_of_record
TN:
SF:src/controllers/submission.controller.js
FN:23,(anonymous_0)
FN:64,(anonymous_1)
FN:81,(anonymous_2)
FN:81,(anonymous_3)
FN:107,(anonymous_4)
FNF:5
FNH:5
FNDA:4,(anonymous_0)
FNDA:1,(anonymous_1)
FNDA:1,(anonymous_2)
FNDA:1,(anonymous_3)
FNDA:2,(anonymous_4)
DA:6,4
DA:7,4
DA:23,4
DA:24,4
DA:26,4
DA:27,0
DA:31,4
DA:32,4
DA:33,1
DA:37,3
DA:38,3
DA:39,1
DA:42,2
DA:47,2
DA:49,0
DA:64,4
DA:65,1
DA:66,1
DA:67,1
DA:69,0
DA:81,4
DA:82,1
DA:83,1
DA:84,1
DA:85,0
DA:87,1
DA:89,0
DA:107,4
DA:108,2
DA:109,2
DA:115,2
DA:116,1
DA:119,1
DA:121,0
LF:34
LH:28
BRDA:26,0,0,0
BRDA:26,0,1,4
BRDA:32,1,0,1
BRDA:32,1,1,3
BRDA:38,2,0,1
BRDA:38,2,1,2
BRDA:38,3,0,3
BRDA:38,3,1,3
BRDA:84,4,0,0
BRDA:84,4,1,1
BRDA:115,5,0,1
BRDA:115,5,1,1
BRF:12
BRH:10
end_of_record
TN:
SF:src/controllers/user.controller.js
FN:15,(anonymous_0)
FN:33,(anonymous_1)
FN:53,(anonymous_2)
FN:72,(anonymous_3)
FN:91,(anonymous_4)
FNF:5
FNH:5
FNDA:1,(anonymous_0)
FNDA:3,(anonymous_1)
FNDA:1,(anonymous_2)
FNDA:1,(anonymous_3)
FNDA:1,(anonymous_4)
DA:5,4
DA:15,4
DA:16,1
DA:17,1
DA:18,1
DA:20,0
DA:33,4
DA:34,3
DA:35,3
DA:36,3
DA:37,1
DA:39,0
DA:53,4
DA:54,1
DA:55,1
DA:56,1
DA:57,1
DA:59,0
DA:72,4
DA:73,1
DA:74,1
DA:75,1
DA:76,1
DA:78,0
DA:91,4
DA:92,1
DA:93,1
DA:94,1
DA:96,0
LF:29
LH:24
BRDA:36,0,0,2
BRDA:36,0,1,1
BRDA:56,1,0,0
BRDA:56,1,1,1
BRDA:75,2,0,0
BRDA:75,2,1,1
BRF:6
BRH:4
end_of_record
TN:
SF:src/middleware/auth.middleware.js
FN:11,(anonymous_0)
FN:46,(anonymous_1)
FN:47,(anonymous_2)
FNF:3
FNH:3
FNDA:54,(anonymous_0)
FNDA:12,(anonymous_1)
FNDA:49,(anonymous_2)
DA:1,4
DA:2,4
DA:3,4
DA:11,4
DA:12,54
DA:13,54
DA:14,54
DA:15,5
DA:16,5
DA:17,5
DA:20,49
DA:21,49
DA:23,49
DA:24,49
DA:25,0
DA:26,0
DA:27,0
DA:30,49
DA:31,49
DA:33,5
DA:34,0
DA:35,0
DA:37,5
DA:46,4
DA:47,12
DA:48,49
DA:49,0
DA:50,0
DA:51,0
DA:54,49
DA:55,5
DA:56,5
DA:57,5
DA:60,44
LF:34
LH:26
BRDA:14,0,0,5
BRDA:14,0,1,49
BRDA:14,1,0,54
BRDA:14,1,1,49
BRDA:24,2,0,0
BRDA:24,2,1,49
BRDA:33,3,0,0
BRDA:33,3,1,5
BRDA:48,4,0,0
BRDA:48,4,1,49
BRDA:54,5,0,5
BRDA:54,5,1,44
BRF:12
BRH:9
end_of_record
TN:
SF:src/middleware/error.middleware.js
FN:11,(anonymous_0)
FNF:1
FNH:1
FNDA:11,(anonymous_0)
DA:11,4
DA:12,11
DA:13,11
DA:14,11
LF:4
LH:4
BRDA:13,0,0,11
BRDA:13,0,1,0
BRDA:14,1,0,11
BRDA:14,1,1,0
BRF:4
BRH:2
end_of_record
TN:
SF:src/middleware/validate.middleware.js
FN:8,(anonymous_0)
FN:8,(anonymous_1)
FN:16,(anonymous_2)
FNF:3
FNH:2
FNDA:24,(anonymous_0)
FNDA:33,(anonymous_1)
FNDA:0,(anonymous_2)
DA:8,24
DA:10,33
DA:13,33
DA:16,0
DA:19,0
LF:5
LH:3
BRDA:13,0,0,33
BRDA:13,0,1,0
BRF:2
BRH:1
end_of_record
TN:
SF:src/models/index.js
FNF:0
FNH:0
DA:2,4
DA:3,4
DA:6,4
DA:9,4
DA:19,4
DA:33,4
DA:45,4
DA:55,4
DA:64,4
DA:65,4
DA:66,4
DA:67,4
DA:68,4
DA:69,4
DA:70,4
DA:71,4
DA:72,4
DA:73,4
DA:74,4
DA:75,4
DA:77,4
LF:21
LH:21
BRF:0
BRH:0
end_of_record
TN:
SF:src/routes/admin.routes.js
FNF:0
FNH:0
DA:1,4
DA:2,4
DA:3,4
DA:4,4
DA:5,4
DA:7,4
DA:13,4
DA:14,4
DA:22,4
DA:34,4
DA:40,4
LF:11
LH:11
BRF:0
BRH:0
end_of_record
TN:
SF:src/routes/auth.routes.js
FNF:0
FNH:0
DA:1,4
DA:2,4
DA:3,4
DA:4,4
DA:10,4
DA:13,4
DA:16,4
DA:18,4
LF:8
LH:8
BRF:0
BRH:0
end_of_record
TN:
SF:src/routes/instructor.routes.js
FN:26,(anonymous_0)
FN:37,(anonymous_1)
FN:38,(anonymous_2)
FNF:3
FNH:3
FNDA:1,(anonymous_0)
FNDA:3,(anonymous_1)
FNDA:1,(anonymous_2)
DA:1,4
DA:2,4
DA:3,4
DA:4,4
DA:5,4
DA:6,4
DA:7,4
DA:8,4
DA:14,4
DA:16,4
DA:17,4
DA:24,4
DA:26,1
DA:35,4
DA:37,3
DA:39,1
DA:43,4
DA:46,4
DA:51,4
LF:19
LH:19
BRF:0
BRH:0
end_of_record
TN:
SF:src/routes/student.routes.js
FN:23,(anonymous_0)
FN:32,(anonymous_1)
FN:43,(anonymous_2)
FN:58,(anonymous_3)
FNF:4
FNH:4
FNDA:1,(anonymous_0)
FNDA:1,(anonymous_1)
FNDA:4,(anonymous_2)
FNDA:1,(anonymous_3)
DA:1,4
DA:2,4
DA:3,4
DA:4,4
DA:5,4
DA:6,4
DA:7,4
DA:15,4
DA:16,4
DA:23,4
DA:24,1
DA:32,4
DA:33,1
DA:41,4
DA:44,4
DA:45,0
DA:47,4
DA:58,4
DA:59,1
DA:62,4
LF:20
LH:19
BRDA:44,0,0,0
BRDA:44,0,1,4
BRF:2
BRH:1
end_of_record
TN:
SF:src/services/assessment.service.js
FN:17,(anonymous_0)
FN:18,(anonymous_1)
FN:25,(anonymous_2)
FN:53,(anonymous_3)
FN:83,(anonymous_4)
FN:94,(anonymous_5)
FN:104,(anonymous_6)
FNF:7
FNH:7
FNDA:34,(anonymous_0)
FNDA:34,(anonymous_1)
FNDA:41,(anonymous_2)
FNDA:5,(anonymous_3)
FNDA:13,(anonymous_4)
FNDA:2,(anonymous_5)
FNDA:2,(anonymous_6)
DA:6,4
DA:17,4
DA:18,34
DA:19,34
DA:24,34
DA:25,41
DA:34,24
DA:36,34
DA:40,4
DA:53,4
DA:54,5
DA:55,5
DA:57,4
DA:58,2
DA:67,2
DA:68,2
DA:74,0
DA:83,4
DA:84,13
DA:94,4
DA:95,2
DA:104,4
DA:105,2
LF:23
LH:22
BRDA:24,0,0,24
BRDA:24,0,1,10
BRDA:27,1,0,41
BRDA:27,1,1,0
BRDA:30,2,0,41
BRDA:30,2,1,3
BRDA:31,3,0,41
BRDA:31,3,1,3
BRDA:55,4,0,1
BRDA:55,4,1,4
BRDA:57,5,0,2
BRDA:57,5,1,2
BRDA:67,6,0,2
BRDA:67,6,1,0
BRF:14
BRH:12
end_of_record
TN:
SF:src/services/auth.service.js
FN:21,(anonymous_0)
FN:35,(anonymous_1)
FNF:2
FNH:2
FNDA:90,(anonymous_0)
FNDA:5,(anonymous_1)
DA:6,4
DA:7,4
DA:8,4
DA:9,4
DA:21,4
DA:22,90
DA:23,90
DA:35,4
DA:37,5
DA:40,5
DA:41,2
DA:42,2
DA:43,2
DA:45,3
LF:14
LH:14
BRDA:40,0,0,2
BRDA:40,0,1,3
BRDA:40,1,0,5
BRDA:40,1,1,5
BRF:4
BRH:4
end_of_record
TN:
SF:src/services/submission.service.js
FN:15,(anonymous_0)
FN:31,(anonymous_1)
FN:32,(anonymous_2)
FN:81,(anonymous_3)
FN:102,(anonymous_4)
FN:138,(anonymous_5)
FNF:6
FNH:6
FNDA:20,(anonymous_0)
FNDA:9,(anonymous_1)
FNDA:9,(anonymous_2)
FNDA:1,(anonymous_3)
FNDA:1,(anonymous_4)
FNDA:2,(anonymous_5)
DA:6,4
DA:15,4
DA:16,20
DA:17,18
DA:19,2
DA:31,4
DA:32,9
DA:34,9
DA:40,9
DA:46,9
DA:47,9
DA:48,9
DA:50,9
DA:51,20
DA:52,20
DA:53,20
DA:54,20
DA:56,20
DA:64,9
DA:65,9
DA:69,9
DA:70,9
DA:71,9
DA:81,4
DA:82,1
DA:102,4
DA:103,1
DA:110,1
DA:112,1
DA:123,1
DA:138,4
DA:139,2
DA:140,2
DA:142,1
DA:143,1
DA:144,1
DA:146,1
LF:37
LH:37
BRDA:16,0,0,18
BRDA:16,0,1,2
BRDA:16,1,0,20
BRDA:16,1,1,2
BRDA:54,2,0,16
BRDA:54,2,1,4
BRDA:59,3,0,20
BRDA:59,3,1,0
BRDA:64,4,0,9
BRDA:64,4,1,0
BRDA:69,5,0,9
BRDA:69,5,1,0
BRDA:110,6,0,0
BRDA:110,6,1,1
BRDA:140,7,0,1
BRDA:140,7,1,1
BRDA:143,8,0,1
BRDA:143,8,1,0
BRF:18
BRH:13
end_of_record
TN:
SF:src/services/user.service.js
FN:13,(anonymous_0)
FN:20,(anonymous_1)
FN:28,(anonymous_2)
FN:35,(anonymous_3)
FN:42,(anonymous_4)
FNF:5
FNH:5
FNDA:2,(anonymous_0)
FNDA:11,(anonymous_1)
FNDA:3,(anonymous_2)
FNDA:3,(anonymous_3)
FNDA:7,(anonymous_4)
DA:6,4
DA:13,4
DA:20,11
DA:28,4
DA:35,4
DA:42,7
LF:6
LH:6
BRF:0
BRH:0
end_of_record
TN:
SF:src/validation/assessment.validation.js
FNF:0
FNH:0
DA:1,4
DA:3,4
DA:22,4
DA:32,4
LF:4
LH:4
BRF:0
BRH:0
end_of_record
TN:
SF:src/validation/auth.validation.js
FNF:0
FNH:0
DA:1,4
DA:3,4
DA:10,4
DA:15,4
LF:4
LH:4
BRF:0
BRH:0
end_of_record
TN:
SF:src/validation/submission.validation.js
FNF:0
FNH:0
DA:1,4
DA:4,4
DA:9,4
DA:16,4
LF:4
LH:4
BRF:0
BRH:0
end_of_record
TN:
SF:src/validation/user.validation.js
FNF:0
FNH:0
DA:1,4
DA:3,4
DA:10,4
DA:17,4
LF:4
LH:4
BRF:0
BRH:0
end_of_record
